This file contains any messages produced by compilers while
running configure, to aid debugging if configure makes a mistake.

It was created by configure, which was
generated by GNU Autoconf 2.63.  Invocation command line was

  $ ./configure 

## --------- ##
## Platform. ##
## --------- ##

hostname = nmg02-mms-vgbi03.nmg02.baidu.com
uname -m = x86_64
uname -r = 2.6.32_1-12-0-0
uname -s = Linux
uname -v = #1 SMP Mon Aug 12 17:59:52 CST 2013

/usr/bin/uname -p = unknown
/bin/uname -X     = unknown

/bin/arch              = x86_64
/usr/bin/arch -k       = unknown
/usr/convex/getsysinfo = unknown
/usr/bin/hostinfo      = unknown
/bin/machine           = unknown
/usr/bin/oslevel       = unknown
/bin/universe          = unknown

PATH: /home/work/disk4/liuyang74/tools/bin
PATH: /home/work/bin/scm_tools/usr/bin
PATH: /home/work/scmtools/usr/bin
PATH: /home/work/scmtools/usr/bin
PATH: /home/work/.ci_tools/ccover/bin
PATH: /home/work/bin
PATH: /home/work/.ci_tools/btest/bin
PATH: /home/work/local//bin/
PATH: /home/work/.jumbo/bin
PATH: /home/work/scmtools/usr/bin
PATH: /home/work/scmtools/usr/bin
PATH: /home/work/.BCloud/bin
PATH: /home/work/disk6/zhuqunyan/changting/online/pyformatter
PATH: /home/work/local/bin/tmux-1.9/bin
PATH: /home/work/local/bin/ctags-5.8/bin
PATH: /home/work/local/bin/cscope-15.8/bin
PATH: /home/work/local/bin/svn-1.6/bin
PATH: /home/work/local/bin/vim-7.4/bin
PATH: /home/work/local/bin/python-2.7/bin
PATH: /usr/kerberos/bin
PATH: /usr/local/bin
PATH: /bin
PATH: /usr/bin
PATH: /usr/X11R6/bin
PATH: /opt/bin
PATH: /home/opt/bin
PATH: /home/work/bin
PATH: /home/work/python27_withpinyin/bin


## ----------- ##
## Core tests. ##
## ----------- ##

configure:2066: checking for a BSD-compatible install
configure:2134: result: /usr/bin/install -c
configure:2145: checking whether build environment is sane
configure:2188: result: yes
configure:2213: checking for a thread-safe mkdir -p
configure:2252: result: /bin/mkdir -p
configure:2265: checking for gawk
configure:2281: found /bin/gawk
configure:2292: result: gawk
configure:2303: checking whether make sets $(MAKE)
configure:2325: result: yes
configure:2558: checking for gcc
configure:2574: found /home/work/scmtools/usr/bin/gcc
configure:2585: result: gcc
configure:2817: checking for C compiler version
configure:2825: gcc --version >&5
gcc (GCC) 3.4.5 20051201 (Red Hat 3.4.5-2)
Copyright (C) 2004 Free Software Foundation, Inc.
This is free software; see the source for copying conditions.  There is NO
warranty; not even for MERCHANTABILITY or FITNESS FOR A PARTICULAR PURPOSE.

configure:2829: $? = 0
configure:2836: gcc -v >&5
Reading specs from /usr/lib/gcc/x86_64-redhat-linux/3.4.5/specs
Configured with: ../configure --prefix=/usr --mandir=/usr/share/man --infodir=/usr/share/info --enable-shared --enable-threads=posix --disable-checking --with-system-zlib --enable-__cxa_atexit --disable-libunwind-exceptions --enable-java-awt=gtk --host=x86_64-redhat-linux
Thread model: posix
gcc version 3.4.5 20051201 (Red Hat 3.4.5-2)
configure:2840: $? = 0
configure:2847: gcc -V >&5
gcc: `-V' option must have argument
configure:2851: $? = 1
configure:2874: checking for C compiler default output file name
configure:2896: gcc    conftest.c  >&5
configure:2900: $? = 0
configure:2938: result: a.out
configure:2957: checking whether the C compiler works
configure:2967: ./a.out
configure:2971: $? = 0
configure:2990: result: yes
configure:2997: checking whether we are cross compiling
configure:2999: result: no
configure:3002: checking for suffix of executables
configure:3009: gcc -o conftest    conftest.c  >&5
configure:3013: $? = 0
configure:3039: result: 
configure:3045: checking for suffix of object files
configure:3071: gcc -c   conftest.c >&5
configure:3075: $? = 0
configure:3100: result: o
configure:3104: checking whether we are using the GNU C compiler
configure:3133: gcc -c   conftest.c >&5
configure:3140: $? = 0
configure:3157: result: yes
configure:3166: checking whether gcc accepts -g
configure:3196: gcc -c -g  conftest.c >&5
configure:3203: $? = 0
configure:3304: result: yes
configure:3321: checking for gcc option to accept ISO C89
configure:3395: gcc  -c -g -O2  conftest.c >&5
configure:3402: $? = 0
configure:3425: result: none needed
configure:3454: checking for style of include used by make
configure:3482: result: GNU
configure:3507: checking dependency style of gcc
configure:3598: result: gcc3
configure:3671: checking for g++
configure:3687: found /home/work/scmtools/usr/bin/g++
configure:3698: result: g++
configure:3725: checking for C++ compiler version
configure:3733: g++ --version >&5
g++ (GCC) 3.4.5 20051201 (Red Hat 3.4.5-2)
Copyright (C) 2004 Free Software Foundation, Inc.
This is free software; see the source for copying conditions.  There is NO
warranty; not even for MERCHANTABILITY or FITNESS FOR A PARTICULAR PURPOSE.

configure:3737: $? = 0
configure:3744: g++ -v >&5
Reading specs from /usr/lib/gcc/x86_64-redhat-linux/3.4.5/specs
Configured with: ../configure --prefix=/usr --mandir=/usr/share/man --infodir=/usr/share/info --enable-shared --enable-threads=posix --disable-checking --with-system-zlib --enable-__cxa_atexit --disable-libunwind-exceptions --enable-java-awt=gtk --host=x86_64-redhat-linux
Thread model: posix
gcc version 3.4.5 20051201 (Red Hat 3.4.5-2)
configure:3748: $? = 0
configure:3755: g++ -V >&5
g++: `-V' option must have argument
configure:3759: $? = 1
configure:3762: checking whether we are using the GNU C++ compiler
configure:3791: g++ -c   conftest.cpp >&5
configure:3798: $? = 0
configure:3815: result: yes
configure:3824: checking whether g++ accepts -g
configure:3854: g++ -c -g  conftest.cpp >&5
configure:3861: $? = 0
configure:3962: result: yes
configure:3987: checking dependency style of g++
configure:4078: result: gcc3
configure:4099: checking how to run the C preprocessor
configure:4139: gcc -E  conftest.c
configure:4146: $? = 0
configure:4177: gcc -E  conftest.c
conftest.c:10:28: ac_nonexistent.h: No such file or directory
configure:4184: $? = 1
configure: failed program was:
| /* confdefs.h.  */
| #define PACKAGE_NAME ""
| #define PACKAGE_TARNAME ""
| #define PACKAGE_VERSION ""
| #define PACKAGE_STRING ""
| #define PACKAGE_BUGREPORT ""
| #define PACKAGE "CRF++"
| #define VERSION "0.53"
| /* end confdefs.h.  */
| #include <ac_nonexistent.h>
configure:4217: result: gcc -E
configure:4246: gcc -E  conftest.c
configure:4253: $? = 0
configure:4284: gcc -E  conftest.c
conftest.c:10:28: ac_nonexistent.h: No such file or directory
configure:4291: $? = 1
configure: failed program was:
| /* confdefs.h.  */
| #define PACKAGE_NAME ""
| #define PACKAGE_TARNAME ""
| #define PACKAGE_VERSION ""
| #define PACKAGE_STRING ""
| #define PACKAGE_BUGREPORT ""
| #define PACKAGE "CRF++"
| #define VERSION "0.53"
| /* end confdefs.h.  */
| #include <ac_nonexistent.h>
configure:4331: checking for grep that handles long lines and -e
configure:4391: result: /bin/grep
configure:4396: checking for egrep
configure:4460: result: /bin/grep -E
configure:4466: checking whether gcc needs -traditional
configure:4508: result: no
configure:4515: checking whether make sets $(MAKE)
configure:4537: result: yes
configure:4546: checking for library containing strerror
configure:4587: gcc -o conftest -g -O2   conftest.c  >&5
configure:4594: $? = 0
configure:4625: result: none required
configure:4639: checking build system type
configure:4657: result: x86_64-unknown-linux-gnu
configure:4679: checking host system type
configure:4694: result: x86_64-unknown-linux-gnu
configure:4752: checking for a sed that does not truncate output
configure:4818: result: /bin/sed
configure:4836: checking for fgrep
configure:4900: result: /bin/grep -F
configure:4935: checking for ld used by gcc
configure:5002: result: /usr/bin/ld
configure:5011: checking if the linker (/usr/bin/ld) is GNU ld
configure:5026: result: yes
configure:5038: checking for BSD- or MS-compatible name lister (nm)
configure:5087: result: /usr/bin/nm -B
configure:5205: checking the name lister (/usr/bin/nm -B) interface
configure:5212: g++ -c -g -O2  conftest.cpp >&5
configure:5215: /usr/bin/nm -B "conftest.o"
configure:5218: output
0000000000000000 B some_variable
configure:5225: result: BSD nm
configure:5228: checking whether ln -s works
configure:5232: result: yes
configure:5240: checking the maximum length of command line arguments
configure:5360: result: 98304
configure:5377: checking whether the shell understands some XSI constructs
configure:5387: result: yes
configure:5391: checking whether the shell understands "+="
configure:5397: result: no
configure:5432: checking for /usr/bin/ld option to reload object files
configure:5439: result: -r
configure:5508: checking for objdump
configure:5524: found /usr/bin/objdump
configure:5535: result: objdump
configure:5567: checking how to recognize dependent libraries
configure:5763: result: pass_all
configure:5823: checking for ar
configure:5839: found /usr/bin/ar
configure:5850: result: ar
configure:5928: checking for strip
configure:5944: found /usr/bin/strip
configure:5955: result: strip
configure:6027: checking for ranlib
configure:6043: found /usr/bin/ranlib
configure:6054: result: ranlib
configure:6144: checking command to parse /usr/bin/nm -B output from gcc object
configure:6262: g++ -c -g -O2  conftest.cpp >&5
configure:6265: $? = 0
configure:6269: /usr/bin/nm -B conftest.o \| sed -n -e 's/^.*[	 ]\([ABCDGIRSTW][ABCDGIRSTW]*\)[	 ][	 ]*\([_A-Za-z][_A-Za-z0-9]*\)$/\1 \2 \2/p' \> conftest.nm
configure:6272: $? = 0
configure:6326: g++ -o conftest -g -O2   conftest.cpp conftstm.o >&5
configure:6329: $? = 0
configure:6367: result: ok
configure:6462: g++ -c -g -O2  conftest.cpp >&5
configure:6465: $? = 0
configure:7228: checking for ANSI C header files
configure:7258: g++ -c -g -O2  conftest.cpp >&5
configure:7265: $? = 0
./configure: line 7291: conftest.cpp: command not found
configure:7396: result: no
configure:7420: checking for sys/types.h
configure:7441: g++ -c -g -O2  conftest.cpp >&5
configure:7448: $? = 0
configure:7465: result: yes
configure:7420: checking for sys/stat.h
configure:7441: g++ -c -g -O2  conftest.cpp >&5
configure:7448: $? = 0
configure:7465: result: yes
configure:7420: checking for stdlib.h
configure:7441: g++ -c -g -O2  conftest.cpp >&5
configure:7448: $? = 0
configure:7465: result: yes
configure:7420: checking for string.h
configure:7441: g++ -c -g -O2  conftest.cpp >&5
configure:7448: $? = 0
configure:7465: result: yes
configure:7420: checking for memory.h
configure:7441: g++ -c -g -O2  conftest.cpp >&5
configure:7448: $? = 0
configure:7465: result: yes
configure:7420: checking for strings.h
configure:7441: g++ -c -g -O2  conftest.cpp >&5
configure:7448: $? = 0
configure:7465: result: yes
configure:7420: checking for inttypes.h
configure:7441: g++ -c -g -O2  conftest.cpp >&5
configure:7448: $? = 0
configure:7465: result: yes
configure:7420: checking for stdint.h
configure:7441: g++ -c -g -O2  conftest.cpp >&5
configure:7448: $? = 0
configure:7465: result: yes
configure:7420: checking for unistd.h
configure:7441: g++ -c -g -O2  conftest.cpp >&5
configure:7448: $? = 0
configure:7465: result: yes
configure:7483: checking for dlfcn.h
configure:7504: g++ -c -g -O2  conftest.cpp >&5
configure:7511: $? = 0
configure:7528: result: yes
configure:7655: checking for C++ compiler version
configure:7663: g++ --version >&5
g++ (GCC) 3.4.5 20051201 (Red Hat 3.4.5-2)
Copyright (C) 2004 Free Software Foundation, Inc.
This is free software; see the source for copying conditions.  There is NO
warranty; not even for MERCHANTABILITY or FITNESS FOR A PARTICULAR PURPOSE.

configure:7667: $? = 0
configure:7674: g++ -v >&5
Reading specs from /usr/lib/gcc/x86_64-redhat-linux/3.4.5/specs
Configured with: ../configure --prefix=/usr --mandir=/usr/share/man --infodir=/usr/share/info --enable-shared --enable-threads=posix --disable-checking --with-system-zlib --enable-__cxa_atexit --disable-libunwind-exceptions --enable-java-awt=gtk --host=x86_64-redhat-linux
Thread model: posix
gcc version 3.4.5 20051201 (Red Hat 3.4.5-2)
configure:7678: $? = 0
configure:7685: g++ -V >&5
g++: `-V' option must have argument
configure:7689: $? = 1
configure:7692: checking whether we are using the GNU C++ compiler
configure:7745: result: yes
configure:7754: checking whether g++ accepts -g
configure:7892: result: yes
configure:7917: checking dependency style of g++
configure:8008: result: gcc3
configure:8031: checking how to run the C++ preprocessor
configure:8067: g++ -E  conftest.cpp
configure:8074: $? = 0
configure:8105: g++ -E  conftest.cpp
conftest.cpp:20:28: ac_nonexistent.h: No such file or directory
configure:8112: $? = 1
configure: failed program was:
| /* confdefs.h.  */
| #define PACKAGE_NAME ""
| #define PACKAGE_TARNAME ""
| #define PACKAGE_VERSION ""
| #define PACKAGE_STRING ""
| #define PACKAGE_BUGREPORT ""
| #define PACKAGE "CRF++"
| #define VERSION "0.53"
| #define HAVE_SYS_TYPES_H 1
| #define HAVE_SYS_STAT_H 1
| #define HAVE_STDLIB_H 1
| #define HAVE_STRING_H 1
| #define HAVE_MEMORY_H 1
| #define HAVE_STRINGS_H 1
| #define HAVE_INTTYPES_H 1
| #define HAVE_STDINT_H 1
| #define HAVE_UNISTD_H 1
| #define HAVE_DLFCN_H 1
| /* end confdefs.h.  */
| #include <ac_nonexistent.h>
configure:8145: result: g++ -E
configure:8174: g++ -E  conftest.cpp
configure:8181: $? = 0
configure:8212: g++ -E  conftest.cpp
conftest.cpp:20:28: ac_nonexistent.h: No such file or directory
configure:8219: $? = 1
configure: failed program was:
| /* confdefs.h.  */
| #define PACKAGE_NAME ""
| #define PACKAGE_TARNAME ""
| #define PACKAGE_VERSION ""
| #define PACKAGE_STRING ""
| #define PACKAGE_BUGREPORT ""
| #define PACKAGE "CRF++"
| #define VERSION "0.53"
| #define HAVE_SYS_TYPES_H 1
| #define HAVE_SYS_STAT_H 1
| #define HAVE_STDLIB_H 1
| #define HAVE_STRING_H 1
| #define HAVE_MEMORY_H 1
| #define HAVE_STRINGS_H 1
| #define HAVE_INTTYPES_H 1
| #define HAVE_STDINT_H 1
| #define HAVE_UNISTD_H 1
| #define HAVE_DLFCN_H 1
| /* end confdefs.h.  */
| #include <ac_nonexistent.h>
configure:8433: checking for objdir
configure:8448: result: .libs
configure:8740: checking if gcc supports -fno-rtti -fno-exceptions
configure:8758: gcc -c -g -O2  -fno-rtti -fno-exceptions conftest.c >&5
cc1: warning: command line option "-fno-rtti" is valid for C++/ObjC++ but not for C
cc1: warning: command line option "-fno-rtti" is valid for C++/ObjC++ but not for C
configure:8762: $? = 0
configure:8775: result: no
configure:8795: checking for gcc option to produce PIC
configure:9067: result: -fPIC -DPIC
configure:9079: checking if gcc PIC flag -fPIC -DPIC works
configure:9097: gcc -c -g -O2  -fPIC -DPIC -DPIC conftest.c >&5
configure:9101: $? = 0
configure:9114: result: yes
configure:9138: checking if gcc static flag -static works
configure:9166: result: yes
configure:9181: checking if gcc supports -c -o file.o
configure:9202: gcc -c -g -O2  -o out/conftest2.o conftest.c >&5
configure:9206: $? = 0
configure:9228: result: yes
configure:9236: checking if gcc supports -c -o file.o
configure:9283: result: yes
configure:9316: checking whether the gcc linker (/usr/bin/ld -m elf_x86_64) supports shared libraries
configure:10391: result: yes
configure:10428: checking whether -lc should be explicitly linked in
configure:10433: gcc -c -g -O2  conftest.c >&5
configure:10436: $? = 0
configure:10451: gcc -shared conftest.o  -v -Wl,-soname -Wl,conftest -o conftest 2\>\&1 \| /bin/grep  -lc  \>/dev/null 2\>\&1
configure:10454: $? = 0
configure:10466: result: no
configure:10630: checking dynamic linker characteristics
configure:11073: gcc -o conftest -g -O2   -Wl,-rpath -Wl,/foo conftest.c  >&5
configure:11080: $? = 0
configure:11325: result: GNU/Linux ld.so
configure:11427: checking how to hardcode library paths into programs
configure:11452: result: immediate
configure:12285: checking whether stripping libraries is possible
configure:12290: result: yes
configure:12325: checking if libtool supports shared libraries
configure:12327: result: yes
configure:12330: checking whether to build shared libraries
configure:12351: result: yes
configure:12354: checking whether to build static libraries
configure:12358: result: yes
configure:12508: checking for ld used by g++
configure:12575: result: /usr/bin/ld -m elf_x86_64
configure:12584: checking if the linker (/usr/bin/ld -m elf_x86_64) is GNU ld
configure:12599: result: yes
configure:12654: checking whether the g++ linker (/usr/bin/ld -m elf_x86_64) supports shared libraries
configure:13629: result: yes
configure:13657: g++ -c -g -O2  conftest.cpp >&5
configure:13660: $? = 0
configure:13842: checking for g++ option to produce PIC
configure:14159: result: -fPIC -DPIC
configure:14168: checking if g++ PIC flag -fPIC -DPIC works
configure:14186: g++ -c -g -O2  -fPIC -DPIC -DPIC conftest.cpp >&5
configure:14190: $? = 0
configure:14203: result: yes
configure:14224: checking if g++ static flag -static works
configure:14252: result: yes
configure:14264: checking if g++ supports -c -o file.o
configure:14285: g++ -c -g -O2  -o out/conftest2.o conftest.cpp >&5
configure:14289: $? = 0
configure:14311: result: yes
configure:14316: checking if g++ supports -c -o file.o
configure:14363: result: yes
configure:14393: checking whether the g++ linker (/usr/bin/ld -m elf_x86_64) supports shared libraries
configure:14422: result: yes
configure:14559: checking dynamic linker characteristics
configure:14950: g++ -o conftest -g -O2   -Wl,-rpath -Wl,/foo conftest.cpp  >&5
configure:14957: $? = 0
configure:15202: result: GNU/Linux ld.so
configure:15253: checking how to hardcode library paths into programs
configure:15278: result: immediate
configure:15339: checking for ANSI C header files
configure:15507: result: no
configure:15534: checking for string.h
configure:15541: result: yes
configure:15534: checking for stdlib.h
configure:15541: result: yes
configure:15534: checking for unistd.h
configure:15541: result: yes
configure:15545: checking fcntl.h usability
configure:15562: g++ -c -g -O2  conftest.cpp >&5
configure:15569: $? = 0
configure:15583: result: yes
configure:15587: checking fcntl.h presence
configure:15602: g++ -E  conftest.cpp
configure:15609: $? = 0
configure:15623: result: yes
configure:15651: checking for fcntl.h
configure:15660: result: yes
configure:15534: checking for sys/stat.h
configure:15541: result: yes
configure:15545: checking sys/mman.h usability
configure:15562: g++ -c -g -O2  conftest.cpp >&5
configure:15569: $? = 0
configure:15583: result: yes
configure:15587: checking sys/mman.h presence
configure:15602: g++ -E  conftest.cpp
configure:15609: $? = 0
configure:15623: result: yes
configure:15651: checking for sys/mman.h
configure:15660: result: yes
configure:15545: checking sys/times.h usability
configure:15562: g++ -c -g -O2  conftest.cpp >&5
configure:15569: $? = 0
configure:15583: result: yes
configure:15587: checking sys/times.h presence
configure:15602: g++ -E  conftest.cpp
configure:15609: $? = 0
configure:15623: result: yes
configure:15651: checking for sys/times.h
configure:15660: result: yes
configure:15545: checking ctype.h usability
configure:15562: g++ -c -g -O2  conftest.cpp >&5
configure:15569: $? = 0
configure:15583: result: yes
configure:15587: checking ctype.h presence
configure:15602: g++ -E  conftest.cpp
configure:15609: $? = 0
configure:15623: result: yes
configure:15651: checking for ctype.h
configure:15660: result: yes
configure:15534: checking for sys/types.h
configure:15541: result: yes
configure:15545: checking math.h usability
configure:15562: g++ -c -g -O2  conftest.cpp >&5
configure:15569: $? = 0
configure:15583: result: yes
configure:15587: checking math.h presence
configure:15602: g++ -E  conftest.cpp
configure:15609: $? = 0
configure:15623: result: yes
configure:15651: checking for math.h
configure:15660: result: yes
configure:15545: checking pthread.h usability
configure:15562: g++ -c -g -O2  conftest.cpp >&5
configure:15569: $? = 0
configure:15583: result: yes
configure:15587: checking pthread.h presence
configure:15602: g++ -E  conftest.cpp
configure:15609: $? = 0
configure:15623: result: yes
configure:15651: checking for pthread.h
configure:15660: result: yes
configure:15676: checking for size_t
configure:15704: g++ -c -g -O2  conftest.cpp >&5
configure:15711: $? = 0
configure:15738: g++ -c -g -O2  conftest.cpp >&5
conftest.cpp: In function `int main()':
conftest.cpp:68: error: expected primary-expression before ')' token
configure:15745: $? = 1
configure: failed program was:
| /* confdefs.h.  */
| #define PACKAGE_NAME ""
| #define PACKAGE_TARNAME ""
| #define PACKAGE_VERSION ""
| #define PACKAGE_STRING ""
| #define PACKAGE_BUGREPORT ""
| #define PACKAGE "CRF++"
| #define VERSION "0.53"
| #define HAVE_SYS_TYPES_H 1
| #define HAVE_SYS_STAT_H 1
| #define HAVE_STDLIB_H 1
| #define HAVE_STRING_H 1
| #define HAVE_MEMORY_H 1
| #define HAVE_STRINGS_H 1
| #define HAVE_INTTYPES_H 1
| #define HAVE_STDINT_H 1
| #define HAVE_UNISTD_H 1
| #define HAVE_DLFCN_H 1
| #define LT_OBJDIR ".libs/"
| #define HAVE_STRING_H 1
| #define HAVE_STDLIB_H 1
| #define HAVE_UNISTD_H 1
| #define HAVE_FCNTL_H 1
| #define HAVE_SYS_STAT_H 1
| #define HAVE_SYS_MMAN_H 1
| #define HAVE_SYS_TIMES_H 1
| #define HAVE_CTYPE_H 1
| #define HAVE_SYS_TYPES_H 1
| #define HAVE_MATH_H 1
| #define HAVE_PTHREAD_H 1
| /* end confdefs.h.  */
| #include <stdio.h>
| #ifdef HAVE_SYS_TYPES_H
| # include <sys/types.h>
| #endif
| #ifdef HAVE_SYS_STAT_H
| # include <sys/stat.h>
| #endif
| #ifdef STDC_HEADERS
| # include <stdlib.h>
| # include <stddef.h>
| #else
| # ifdef HAVE_STDLIB_H
| #  include <stdlib.h>
| # endif
| #endif
| #ifdef HAVE_STRING_H
| # if !defined STDC_HEADERS && defined HAVE_MEMORY_H
| #  include <memory.h>
| # endif
| # include <string.h>
| #endif
| #ifdef HAVE_STRINGS_H
| # include <strings.h>
| #endif
| #ifdef HAVE_INTTYPES_H
| # include <inttypes.h>
| #endif
| #ifdef HAVE_STDINT_H
| # include <stdint.h>
| #endif
| #ifdef HAVE_UNISTD_H
| # include <unistd.h>
| #endif
| int
| main ()
| {
| if (sizeof ((size_t)))
| 	  return 0;
|   ;
|   return 0;
| }
configure:15768: result: yes
configure:15782: checking for pow in -lm
configure:15817: g++ -o conftest -g -O2   conftest.cpp -lm   >&5
configure:15824: $? = 0
configure:15845: result: yes
configure:15857: checking for exp in -lm
configure:15892: g++ -o conftest -g -O2   conftest.cpp -lm  -lm  >&5
configure:15899: $? = 0
configure:15920: result: yes
configure:15932: checking for log in -lm
configure:15967: g++ -o conftest -g -O2   conftest.cpp -lm  -lm -lm  >&5
configure:15974: $? = 0
configure:15995: result: yes
configure:16007: checking for pthread_create in -lpthread
configure:16042: g++ -o conftest -g -O2   conftest.cpp -lpthread  -lm -lm -lm  >&5
configure:16049: $? = 0
configure:16070: result: yes
configure:16082: checking for pthread_join in -lpthread
configure:16117: g++ -o conftest -g -O2   conftest.cpp -lpthread  -lpthread -lm -lm -lm  >&5
configure:16124: $? = 0
configure:16145: result: yes
configure:16162: checking for stdlib.h
configure:16169: result: yes
configure:16162: checking for unistd.h
configure:16169: result: yes
configure:16307: checking for getpagesize
configure:16363: g++ -o conftest -g -O2   conftest.cpp -lpthread -lpthread -lm -lm -lm  >&5
configure:16370: $? = 0
configure:16392: result: yes
configure:16404: checking for working mmap
configure:16551: g++ -o conftest -g -O2   conftest.cpp -lpthread -lpthread -lm -lm -lm  >&5
configure:16555: $? = 0
configure:16561: ./conftest
configure:16565: $? = 0
configure:16582: result: yes
configure:16594: checking whether make is GNU Make
configure:16597: result: yes
configure:17039: checking if g++ supports stl <string> (required)
configure:17066: g++ -c -O3 -Wall  conftest.cpp >&5
configure:17073: $? = 0
configure:17093: result: yes
configure:17097: checking if g++ supports stl <vector> (required)
configure:17124: g++ -c -O3 -Wall  conftest.cpp >&5
configure:17131: $? = 0
configure:17151: result: yes
configure:17155: checking if g++ supports stl <map> (required)
configure:17182: g++ -c -O3 -Wall  conftest.cpp >&5
configure:17189: $? = 0
configure:17209: result: yes
configure:17213: checking if g++ supports stl <set> (required)
configure:17240: g++ -c -O3 -Wall  conftest.cpp >&5
configure:17247: $? = 0
configure:17267: result: yes
configure:17271: checking if g++ supports stl <iostream> (required)
configure:17298: g++ -c -O3 -Wall  conftest.cpp >&5
configure:17305: $? = 0
configure:17325: result: yes
configure:17329: checking if g++ supports stl <fstream> (required)
configure:17356: g++ -c -O3 -Wall  conftest.cpp >&5
configure:17363: $? = 0
configure:17383: result: yes
configure:17387: checking if g++ supports stl <sstream> (required)
configure:17414: g++ -c -O3 -Wall  conftest.cpp >&5
configure:17421: $? = 0
configure:17441: result: yes
configure:17445: checking if g++ supports stl <stdexcept> (required)
configure:17472: g++ -c -O3 -Wall  conftest.cpp >&5
configure:17479: $? = 0
configure:17499: result: yes
configure:17504: checking if g++ supports template <class T> (required)
configure:17533: g++ -c -O3 -Wall  conftest.cpp >&5
configure:17540: $? = 0
configure:17560: result: yes
configure:17564: checking if g++ supports const_cast<> (required)
configure:17592: g++ -c -O3 -Wall  conftest.cpp >&5
conftest.cpp: In function `int main()':
conftest.cpp:49: warning: unused variable 'c1'
configure:17599: $? = 0
configure:17619: result: yes
configure:17623: checking if g++ supports static_cast<> (required)
configure:17651: g++ -c -O3 -Wall  conftest.cpp >&5
conftest.cpp: In function `int main()':
conftest.cpp:49: warning: unused variable 'c1'
configure:17658: $? = 0
configure:17678: result: yes
configure:17682: checking if g++ supports dynamic_cast<> (required)
configure:17711: g++ -c -O3 -Wall  conftest.cpp >&5
conftest.cpp: In function `int main()':
conftest.cpp:50: warning: unused variable 'c1'
configure:17718: $? = 0
configure:17738: result: yes
configure:17742: checking if g++ supports exception handler (required)
configure:17775: g++ -c -O3 -Wall  conftest.cpp >&5
conftest.cpp: In function `int main()':
conftest.cpp:49: warning: unused variable 'i'
configure:17782: $? = 0
configure:17802: result: yes
configure:17806: checking if g++ supports namespaces (required) 
configure:17834: g++ -c -O3 -Wall  conftest.cpp >&5
conftest.cpp: In function `int main()':
conftest.cpp:49: warning: unused variable 'a'
configure:17841: $? = 0
configure:17860: result: yes
configure:17863: checking if g++ environment provides all required features
configure:17874: result: yes
configure:18012: creating ./config.status

## ---------------------- ##
## Running config.status. ##
## ---------------------- ##

This file was extended by config.status, which was
generated by GNU Autoconf 2.63.  Invocation command line was

  CONFIG_FILES    = 
  CONFIG_HEADERS  = 
  CONFIG_LINKS    = 
  CONFIG_COMMANDS = 
  $ ./config.status 

on nmg02-mms-vgbi03.nmg02.baidu.com

config.status:1064: creating Makefile
config.status:1064: creating Makefile.msvc
config.status:1064: creating swig/version.h
config.status:1064: creating config.h
config.status:1286: config.h is unchanged
config.status:1338: executing depfiles commands
config.status:1338: executing libtool commands

## ---------------- ##
## Cache variables. ##
## ---------------- ##

ac_cv_build=x86_64-unknown-linux-gnu
ac_cv_c_compiler_gnu=yes
ac_cv_cxx_compiler_gnu=yes
ac_cv_env_CCC_set=
ac_cv_env_CCC_value=
ac_cv_env_CC_set=
ac_cv_env_CC_value=
ac_cv_env_CFLAGS_set=
ac_cv_env_CFLAGS_value=
ac_cv_env_CPPFLAGS_set=
ac_cv_env_CPPFLAGS_value=
ac_cv_env_CPP_set=
ac_cv_env_CPP_value=
ac_cv_env_CXXCPP_set=
ac_cv_env_CXXCPP_value=
ac_cv_env_CXXFLAGS_set=
ac_cv_env_CXXFLAGS_value=
ac_cv_env_CXX_set=
ac_cv_env_CXX_value=
ac_cv_env_LDFLAGS_set=
ac_cv_env_LDFLAGS_value=
ac_cv_env_LIBS_set=
ac_cv_env_LIBS_value=
ac_cv_env_build_alias_set=
ac_cv_env_build_alias_value=
ac_cv_env_host_alias_set=
ac_cv_env_host_alias_value=
ac_cv_env_target_alias_set=
ac_cv_env_target_alias_value=
ac_cv_func_getpagesize=yes
ac_cv_func_mmap_fixed_mapped=yes
ac_cv_header_ctype_h=yes
ac_cv_header_dlfcn_h=yes
ac_cv_header_fcntl_h=yes
ac_cv_header_inttypes_h=yes
ac_cv_header_math_h=yes
ac_cv_header_memory_h=yes
ac_cv_header_pthread_h=yes
ac_cv_header_stdc=no
ac_cv_header_stdint_h=yes
ac_cv_header_stdlib_h=yes
ac_cv_header_string_h=yes
ac_cv_header_strings_h=yes
ac_cv_header_sys_mman_h=yes
ac_cv_header_sys_stat_h=yes
ac_cv_header_sys_times_h=yes
ac_cv_header_sys_types_h=yes
ac_cv_header_unistd_h=yes
ac_cv_host=x86_64-unknown-linux-gnu
ac_cv_lib_m_exp=yes
ac_cv_lib_m_log=yes
ac_cv_lib_m_pow=yes
ac_cv_lib_pthread_pthread_create=yes
ac_cv_lib_pthread_pthread_join=yes
ac_cv_objext=o
ac_cv_path_EGREP='/bin/grep -E'
ac_cv_path_FGREP='/bin/grep -F'
ac_cv_path_GREP=/bin/grep
ac_cv_path_SED=/bin/sed
ac_cv_path_install='/usr/bin/install -c'
ac_cv_path_mkdir=/bin/mkdir
ac_cv_prog_AWK=gawk
ac_cv_prog_CPP='gcc -E'
ac_cv_prog_CXXCPP='g++ -E'
ac_cv_prog_ac_ct_AR=ar
ac_cv_prog_ac_ct_CC=gcc
ac_cv_prog_ac_ct_CXX=g++
ac_cv_prog_ac_ct_OBJDUMP=objdump
ac_cv_prog_ac_ct_RANLIB=ranlib
ac_cv_prog_ac_ct_STRIP=strip
ac_cv_prog_cc_c89=
ac_cv_prog_cc_g=yes
ac_cv_prog_cxx_g=yes
ac_cv_prog_gcc_traditional=no
ac_cv_prog_make_make_set=yes
ac_cv_search_strerror='none required'
ac_cv_type_size_t=yes
am_cv_CC_dependencies_compiler_type=gcc3
am_cv_CXX_dependencies_compiler_type=gcc3
lt_cv_deplibs_check_method=pass_all
lt_cv_file_magic_cmd='$MAGIC_CMD'
lt_cv_file_magic_test_file=
lt_cv_ld_reload_flag=-r
lt_cv_nm_interface='BSD nm'
lt_cv_objdir=.libs
lt_cv_path_LD=/usr/bin/ld
lt_cv_path_LDCXX='/usr/bin/ld -m elf_x86_64'
lt_cv_path_NM='/usr/bin/nm -B'
lt_cv_prog_compiler_c_o=yes
lt_cv_prog_compiler_c_o_CXX=yes
lt_cv_prog_compiler_pic_works=yes
lt_cv_prog_compiler_pic_works_CXX=yes
lt_cv_prog_compiler_rtti_exceptions=no
lt_cv_prog_compiler_static_works=yes
lt_cv_prog_compiler_static_works_CXX=yes
lt_cv_prog_gnu_ld=yes
lt_cv_prog_gnu_ldcxx=yes
lt_cv_sys_global_symbol_pipe='sed -n -e '\''s/^.*[	 ]\([ABCDGIRSTW][ABCDGIRSTW]*\)[	 ][	 ]*\([_A-Za-z][_A-Za-z0-9]*\)$/\1 \2 \2/p'\'''
lt_cv_sys_global_symbol_to_c_name_address='sed -n -e '\''s/^: \([^ ]*\) $/  {\"\1\", (void *) 0},/p'\'' -e '\''s/^[ABCDGIRSTW]* \([^ ]*\) \([^ ]*\)$/  {"\2", (void *) \&\2},/p'\'''
lt_cv_sys_global_symbol_to_c_name_address_lib_prefix='sed -n -e '\''s/^: \([^ ]*\) $/  {\"\1\", (void *) 0},/p'\'' -e '\''s/^[ABCDGIRSTW]* \([^ ]*\) \(lib[^ ]*\)$/  {"\2", (void *) \&\2},/p'\'' -e '\''s/^[ABCDGIRSTW]* \([^ ]*\) \([^ ]*\)$/  {"lib\2", (void *) \&\2},/p'\'''
lt_cv_sys_global_symbol_to_cdecl='sed -n -e '\''s/^T .* \(.*\)$/extern int \1();/p'\'' -e '\''s/^[ABCDGIRSTW]* .* \(.*\)$/extern char \1;/p'\'''
lt_cv_sys_max_cmd_len=98304

## ----------------- ##
## Output variables. ##
## ----------------- ##

ACLOCAL='${SHELL} /home/work/wangxiaofeng/git/SUNET/alias/crf/CRF++-0.53/missing --run aclocal-1.10'
AMDEPBACKSLASH='\'
AMDEP_FALSE='#'
AMDEP_TRUE=''
AMTAR='${SHELL} /home/work/wangxiaofeng/git/SUNET/alias/crf/CRF++-0.53/missing --run tar'
AR='ar'
AUTOCONF='${SHELL} /home/work/wangxiaofeng/git/SUNET/alias/crf/CRF++-0.53/missing --run autoconf'
AUTOHEADER='${SHELL} /home/work/wangxiaofeng/git/SUNET/alias/crf/CRF++-0.53/missing --run autoheader'
AUTOMAKE='${SHELL} /home/work/wangxiaofeng/git/SUNET/alias/crf/CRF++-0.53/missing --run automake-1.10'
AWK='gawk'
CC='gcc'
CCDEPMODE='depmode=gcc3'
CFLAGS='-O3 -Wall'
CPP='gcc -E'
CPPFLAGS=''
CXX='g++'
CXXCPP='g++ -E'
CXXDEPMODE='depmode=gcc3'
CXXFLAGS='-O3 -Wall'
CYGPATH_W='echo'
DEFS='-DHAVE_CONFIG_H'
DEPDIR='.deps'
DSYMUTIL=''
DUMPBIN=''
ECHO_C=''
ECHO_N='-n'
ECHO_T=''
EGREP='/bin/grep -E'
EXEEXT=''
FGREP='/bin/grep -F'
GREP='/bin/grep'
INSTALL_DATA='${INSTALL} -m 644'
INSTALL_PROGRAM='${INSTALL}'
INSTALL_SCRIPT='${INSTALL}'
INSTALL_STRIP_PROGRAM='$(install_sh) -c -s'
LD='/usr/bin/ld -m elf_x86_64'
LDFLAGS=''
LIBOBJS=''
LIBS='-lpthread -lpthread -lm -lm -lm '
LIBTOOL='$(SHELL) $(top_builddir)/libtool'
LIPO=''
LN_S='ln -s'
LTLIBOBJS=''
MAKEINFO='${SHELL} /home/work/wangxiaofeng/git/SUNET/alias/crf/CRF++-0.53/missing --run makeinfo'
MKDIR_P='/bin/mkdir -p'
NM='/usr/bin/nm -B'
NMEDIT=''
OBJDUMP='objdump'
OBJEXT='o'
OTOOL64=''
OTOOL=''
PACKAGE='CRF++'
PACKAGE_BUGREPORT=''
PACKAGE_NAME=''
PACKAGE_STRING=''
PACKAGE_TARNAME=''
PACKAGE_VERSION=''
PATH_SEPARATOR=':'
RANLIB='ranlib'
SED='/bin/sed'
SET_MAKE=''
SHELL='/bin/sh'
STRIP='strip'
VERSION='0.53'
ac_ct_CC='gcc'
ac_ct_CXX='g++'
ac_ct_DUMPBIN=''
am__fastdepCC_FALSE='#'
am__fastdepCC_TRUE=''
am__fastdepCXX_FALSE='#'
am__fastdepCXX_TRUE=''
am__include='include'
am__isrc=''
am__leading_dot='.'
am__quote=''
am__tar='${AMTAR} chof - "$$tardir"'
am__untar='${AMTAR} xf -'
bindir='${exec_prefix}/bin'
build='x86_64-unknown-linux-gnu'
build_alias=''
build_cpu='x86_64'
build_os='linux-gnu'
build_vendor='unknown'
datadir='${datarootdir}'
datarootdir='${prefix}/share'
docdir='${datarootdir}/doc/${PACKAGE}'
dvidir='${docdir}'
exec_prefix='${prefix}'
host='x86_64-unknown-linux-gnu'
host_alias=''
host_cpu='x86_64'
host_os='linux-gnu'
host_vendor='unknown'
htmldir='${docdir}'
includedir='${prefix}/include'
infodir='${datarootdir}/info'
install_sh='$(SHELL) /home/work/wangxiaofeng/git/SUNET/alias/crf/CRF++-0.53/install-sh'
libdir='${exec_prefix}/lib'
libexecdir='${exec_prefix}/libexec'
localedir='${datarootdir}/locale'
localstatedir='${prefix}/var'
lt_ECHO='echo'
mandir='${datarootdir}/man'
mkdir_p='/bin/mkdir -p'
oldincludedir='/usr/include'
pdfdir='${docdir}'
prefix='/usr/local'
program_transform_name='s,x,x,'
psdir='${docdir}'
sbindir='${exec_prefix}/sbin'
sharedstatedir='${prefix}/com'
sysconfdir='${prefix}/etc'
target_alias=''

## ----------- ##
## confdefs.h. ##
## ----------- ##

#define PACKAGE_NAME ""
#define PACKAGE_TARNAME ""
#define PACKAGE_VERSION ""
#define PACKAGE_STRING ""
#define PACKAGE_BUGREPORT ""
#define PACKAGE "CRF++"
#define VERSION "0.53"
#define HAVE_SYS_TYPES_H 1
#define HAVE_SYS_STAT_H 1
#define HAVE_STDLIB_H 1
#define HAVE_STRING_H 1
#define HAVE_MEMORY_H 1
#define HAVE_STRINGS_H 1
#define HAVE_INTTYPES_H 1
#define HAVE_STDINT_H 1
#define HAVE_UNISTD_H 1
#define HAVE_DLFCN_H 1
#define LT_OBJDIR ".libs/"
#define HAVE_STRING_H 1
#define HAVE_STDLIB_H 1
#define HAVE_UNISTD_H 1
#define HAVE_FCNTL_H 1
#define HAVE_SYS_STAT_H 1
#define HAVE_SYS_MMAN_H 1
#define HAVE_SYS_TIMES_H 1
#define HAVE_CTYPE_H 1
#define HAVE_SYS_TYPES_H 1
#define HAVE_MATH_H 1
#define HAVE_PTHREAD_H 1
#define HAVE_LIBM 1
#define HAVE_LIBM 1
#define HAVE_LIBM 1
#define HAVE_LIBPTHREAD 1
#define HAVE_LIBPTHREAD 1
#define HAVE_STDLIB_H 1
#define HAVE_UNISTD_H 1
#define HAVE_GETPAGESIZE 1
#define HAVE_MMAP 1

configure: exit 0
